<?xml version="1.0" encoding="UTF-8"?>
<testng-results ignored="0" total="1" passed="1" failed="0" skipped="0">
  <reporter-output>
  </reporter-output>
  <suite started-at="2024-07-21T16:59:34 IST" name="Suite" finished-at="2024-07-21T16:59:39 IST" duration-ms="4689">
    <groups>
    </groups>
    <test started-at="2024-07-21T16:59:34 IST" name="Test" finished-at="2024-07-21T16:59:39 IST" duration-ms="4689">
      <class name="testing1.kitelogin2">
        <test-method signature="f()[pri:0, instance:testing1.kitelogin2@243c4f91]" started-at="2024-07-21T16:59:35 IST" name="f" finished-at="2024-07-21T16:59:39 IST" duration-ms="4638" status="PASS">
          <reporter-output>
          </reporter-output>
        </test-method> <!-- f -->
      </class> <!-- testing1.kitelogin2 -->
    </test> <!-- Test -->
  </suite> <!-- Suite -->
</testng-results>
